<?xml version="1.0" encoding="UTF-8"?>
<!-- Generated by org.testng.reporters.JUnitReportReporter -->
<testsuite hostname="DESKTOP-L7190SI" failures="0" tests="1" name="tests.BaseClass" time="0.004" errors="0" timestamp="2022-10-16T16:10:16 CEST" skipped="0">
  <testcase classname="tests.BaseClass" name="SampleTest" time="0.004"/>
  <system-out/>
</testsuite> <!-- tests.BaseClass -->
